<?xml version="1.0" encoding="UTF-8"?>
<PRD-world xmlns:xsi="http://www.w3.org/2001/XMLSchema-instance" xsi:noNamespaceSchemaLocation="predictions-v2.xsd">
	<PRD-thread-count>1</PRD-thread-count>
	<PRD-environment>
		<PRD-env-property type="float">
			<PRD-name>infection-proximity</PRD-name>			
		</PRD-env-property>
	</PRD-environment>
	<PRD-grid rows="50" columns="30"/>
	<PRD-entities>
		<PRD-entity name="Healthy">
			<PRD-properties>
				<PRD-property type="float">
					<PRD-name>age</PRD-name>
					<PRD-range to="70" from="20"/>
					<PRD-value random-initialize="true"/>
				</PRD-property>
			</PRD-properties>
		</PRD-entity>
		<PRD-entity name="Sick">
			<PRD-properties>
				<PRD-property type="float">
					<PRD-name>age</PRD-name>
					<PRD-range to="70" from="20"/>
					<PRD-value random-initialize="true"/>
				</PRD-property>
				<PRD-property type="boolean">
					<PRD-name>vacinated</PRD-name>
					<PRD-value random-initialize="false" init="false"></PRD-value>
				</PRD-property>
			</PRD-properties>
		</PRD-entity>
	</PRD-entities>
	<PRD-rules>
		<PRD-rule name="infect">
			<PRD-actions>
				<PRD-action type="condition" entity="Sick">
					<PRD-condition singularity="multiple" logical="and">
						<PRD-condition singularity="single" entity="Sick" property="age" operator="bt" value="0"/>
						<PRD-condition singularity="single" entity="Healthy" property="age" operator="lt" value="0"/>
						<PRD-condition singularity="multiple" logical="or">
							<PRD-condition singularity="single" entity="Sick" property="vacinated" operator="!=" value="false"/>
							<PRD-condition singularity="single" entity="Sick" property="age" operator="=" value="22"/>
						</PRD-condition>
					</PRD-condition>
					<PRD-then>
						<PRD-action type="increase" entity="Sick" property="age" by="2"/>
					</PRD-then>
					<PRD-else>
						<PRD-action type="set" entity="Sick" property="age" value="12"/>
					</PRD-else>
				</PRD-action>
			</PRD-actions>
			<PRD-activation probability="1.0"/>
		</PRD-rule>
		<PRD-rule name="heal">
			<PRD-actions>
				<PRD-action type="condition">
					<PRD-condition singularity="multiple" logical="and">
						<PRD-condition singularity="single" entity="Sick" property="vacinated" operator="=" value="true"/>
					</PRD-condition>
					<PRD-then>
						<PRD-action type="increase" entity="Sick" property="age" by="3"/>
					</PRD-then>
				</PRD-action>
			</PRD-actions>
		</PRD-rule>
	</PRD-rules>
	<PRD-termination>
		<PRD-by-ticks count="480"/>
		<PRD-by-second count="10"/>
	</PRD-termination>
</PRD-world>
